c:\users\xmaca\desktop\urho3d\newproject\myexecutablename.dir\debug\vc140.pdb
c:\users\xmaca\desktop\urho3d\newproject\myexecutablename.dir\debug\main.obj
c:\users\xmaca\desktop\urho3d\gra\myexecutablename.dir\debug\vc140.pdb
c:\users\xmaca\desktop\urho3d\gra\myexecutablename.dir\debug\touch.obj
c:\users\xmaca\desktop\urho3d\gra\myexecutablename.dir\debug\mainscene.obj
c:\users\xmaca\desktop\urho3d\gra\myexecutablename.dir\debug\character.obj
c:\users\xmaca\desktop\urho3d\newproject\cmakefiles\generate.stamp
c:\users\xmaca\desktop\urho3d\newproject\bin\myexecutablename_d.ilk
c:\users\xmaca\desktop\urho3d\newproject\bin\myexecutablename_d.exe
c:\users\xmaca\desktop\urho3d\newproject\bin\myexecutablename_d.pdb
c:\users\xmaca\desktop\urho3d\newproject\debug\myexecutablename_d.lib
c:\users\xmaca\desktop\urho3d\newproject\debug\myexecutablename_d.exp
c:\users\xmaca\desktop\urho3d\gra\myexecutablename.dir\debug\main.obj
c:\users\xmaca\desktop\urho3d\gra\myexecutablename.dir\debug\myexecutablename.tlog\cl.command.1.tlog
c:\users\xmaca\desktop\urho3d\gra\myexecutablename.dir\debug\myexecutablename.tlog\cl.read.1.tlog
c:\users\xmaca\desktop\urho3d\gra\myexecutablename.dir\debug\myexecutablename.tlog\cl.write.1.tlog
c:\users\xmaca\desktop\urho3d\gra\myexecutablename.dir\debug\myexecutablename.tlog\custombuild.command.1.tlog
c:\users\xmaca\desktop\urho3d\gra\myexecutablename.dir\debug\myexecutablename.tlog\custombuild.read.1.tlog
c:\users\xmaca\desktop\urho3d\gra\myexecutablename.dir\debug\myexecutablename.tlog\custombuild.write.1.tlog
c:\users\xmaca\desktop\urho3d\gra\myexecutablename.dir\debug\myexecutablename.tlog\link.command.1.tlog
c:\users\xmaca\desktop\urho3d\gra\myexecutablename.dir\debug\myexecutablename.tlog\link.read.1.tlog
c:\users\xmaca\desktop\urho3d\gra\myexecutablename.dir\debug\myexecutablename.tlog\link.write.1.tlog
c:\users\xmaca\desktop\urho3d\gra\myexecutablename.dir\debug\myexecutablename.tlog\myexecutablename.write.1u.tlog
